app/build/outputs/logs/manifest-merger-debug-report.txt
-- Merging decision tree log ---
manifest
ADDED from src\main\AndroidManifest.xml:2:1-213:12
INJECTED from src\main\AndroidManifest.xml:2:1-213:12
INJECTED from src\main\AndroidManifest.xml:2:1-213:12
INJECTED from src\main\AndroidManifest.xml:2:1-213:12
INJECTED from src\main\AndroidManifest.xml:2:1-213:12
INJECTED from src\main\AndroidManifest.xml:2:1-213:12
INJECTED from src\main\AndroidManifest.xml:2:1-213:12
	package
		ADDED from src\main\AndroidManifest.xml:3:5-40
		INJECTED from src\main\AndroidManifest.xml
		INJECTED from src\main\AndroidManifest.xml
	android:versionName
		ADDED from src\main\AndroidManifest.xml:5:5-30
		INJECTED from src\main\AndroidManifest.xml
		INJECTED from src\main\AndroidManifest.xml
	xmlns:android
		ADDED from src\main\AndroidManifest.xml:2:11-69
	android:versionCode
		ADDED from src\main\AndroidManifest.xml:4:5-28
		INJECTED from src\main\AndroidManifest.xml
		INJECTED from src\main\AndroidManifest.xml
uses-sdk
ADDED from src\main\AndroidManifest.xml:7:5-9:41
INJECTED from src\main\AndroidManifest.xml:7:5-9:41
INJECTED from src\main\AndroidManifest.xml:7:5-9:41
INJECTED from src\main\AndroidManifest.xml:7:5-9:41
INJECTED from src\main\AndroidManifest.xml:7:5-9:41
	android:targetSdkVersion
		ADDED from src\main\AndroidManifest.xml:9:9-38
		INJECTED from src\main\AndroidManifest.xml
		INJECTED from src\main\AndroidManifest.xml
	android:minSdkVersion
		ADDED from src\main\AndroidManifest.xml:8:9-35
		INJECTED from src\main\AndroidManifest.xml
		INJECTED from src\main\AndroidManifest.xml
uses-permission#android.permission.BLUETOOTH
ADDED from src\main\AndroidManifest.xml:11:5-68
	android:name
		ADDED from src\main\AndroidManifest.xml:11:22-65
uses-permission#android.permission.BLUETOOTH_ADMIN
ADDED from src\main\AndroidManifest.xml:12:5-74
	android:name
		ADDED from src\main\AndroidManifest.xml:12:22-71
uses-permission#android.permission.CHANGE_WIFI_MULTICAST_STATE
ADDED from src\main\AndroidManifest.xml:13:5-86
	android:name
		ADDED from src\main\AndroidManifest.xml:13:22-83
uses-permission#android.permission.INTERNET
ADDED from src\main\AndroidManifest.xml:14:5-67
	android:name
		ADDED from src\main\AndroidManifest.xml:14:22-64
uses-permission#android.permission.WRITE_EXTERNAL_STORAGE
ADDED from src\main\AndroidManifest.xml:15:5-81
	android:name
		ADDED from src\main\AndroidManifest.xml:15:22-78
uses-permission#android.permission.CAMERA
ADDED from src\main\AndroidManifest.xml:16:5-65
	android:name
		ADDED from src\main\AndroidManifest.xml:16:22-62
uses-permission#android.permission.VIBRATE
ADDED from src\main\AndroidManifest.xml:17:5-66
	android:name
		ADDED from src\main\AndroidManifest.xml:17:22-63
uses-permission#android.permission.FLASHLIGHT
ADDED from src\main\AndroidManifest.xml:18:5-69
	android:name
		ADDED from src\main\AndroidManifest.xml:18:22-66
uses-permission#android.permission.ACCESS_FINE_LOCATION
ADDED from src\main\AndroidManifest.xml:19:2-76
	android:name
		ADDED from src\main\AndroidManifest.xml:19:19-73
uses-feature#android.hardware.usb.host
ADDED from src\main\AndroidManifest.xml:21:2-83
	android:required
		ADDED from src\main\AndroidManifest.xml:21:57-81
	android:name
		ADDED from src\main\AndroidManifest.xml:21:16-56
uses-feature#android.hardware.camera
ADDED from src\main\AndroidManifest.xml:23:5-60
	android:name
		ADDED from src\main\AndroidManifest.xml:23:19-57
uses-feature#android.hardware.camera.autofocus
ADDED from src\main\AndroidManifest.xml:24:5-70
	android:name
		ADDED from src\main\AndroidManifest.xml:24:19-67
application
ADDED from src\main\AndroidManifest.xml:26:5-211:23
	android:label
		ADDED from src\main\AndroidManifest.xml:28:9-41
	android:icon
		ADDED from src\main\AndroidManifest.xml:27:9-38
	android:allowBackup
		ADDED from src\main\AndroidManifest.xml:29:9-36
activity#com.zebra.android.devdemo.LoadDevDemo
ADDED from src\main\AndroidManifest.xml:30:9-39:20
	android:screenOrientation
		ADDED from src\main\AndroidManifest.xml:33:13-49
	android:label
		ADDED from src\main\AndroidManifest.xml:32:13-45
	android:name
		ADDED from src\main\AndroidManifest.xml:31:13-65
intent-filter#android.intent.action.MAIN+android.intent.category.LAUNCHER
ADDED from src\main\AndroidManifest.xml:34:13-38:29
action#android.intent.action.MAIN
ADDED from src\main\AndroidManifest.xml:35:17-69
	android:name
		ADDED from src\main\AndroidManifest.xml:35:25-66
category#android.intent.category.LAUNCHER
ADDED from src\main\AndroidManifest.xml:37:17-77
	android:name
		ADDED from src\main\AndroidManifest.xml:37:27-74
activity#com.zebra.android.devdemo.discovery.DiscoveryDemo
ADDED from src\main\AndroidManifest.xml:40:9-45:55
	android:screenOrientation
		ADDED from src\main\AndroidManifest.xml:44:13-49
	android:label
		ADDED from src\main\AndroidManifest.xml:43:13-43
	android:windowSoftInputMode
		ADDED from src\main\AndroidManifest.xml:45:13-52
	android:configChanges
		ADDED from src\main\AndroidManifest.xml:42:13-63
	android:name
		ADDED from src\main\AndroidManifest.xml:41:13-77
activity#com.zebra.android.devdemo.discovery.BluetoothDiscovery
ADDED from src\main\AndroidManifest.xml:46:9-51:55
	android:screenOrientation
		ADDED from src\main\AndroidManifest.xml:50:13-49
	android:label
		ADDED from src\main\AndroidManifest.xml:49:13-48
	android:windowSoftInputMode
		ADDED from src\main\AndroidManifest.xml:51:13-52
	android:configChanges
		ADDED from src\main\AndroidManifest.xml:48:13-63
	android:name
		ADDED from src\main\AndroidManifest.xml:47:13-82
activity#com.zebra.android.devdemo.discovery.MulticastDiscoveryResultList
ADDED from src\main\AndroidManifest.xml:52:9-57:55
	android:screenOrientation
		ADDED from src\main\AndroidManifest.xml:56:13-49
	android:label
		ADDED from src\main\AndroidManifest.xml:55:13-48
	android:windowSoftInputMode
		ADDED from src\main\AndroidManifest.xml:57:13-52
	android:configChanges
		ADDED from src\main\AndroidManifest.xml:54:13-63
	android:name
		ADDED from src\main\AndroidManifest.xml:53:13-92
activity#com.zebra.android.devdemo.discovery.DirectedBroadcastResultList
ADDED from src\main\AndroidManifest.xml:58:9-63:55
	android:screenOrientation
		ADDED from src\main\AndroidManifest.xml:62:13-49
	android:label
		ADDED from src\main\AndroidManifest.xml:61:13-48
	android:windowSoftInputMode
		ADDED from src\main\AndroidManifest.xml:63:13-52
	android:configChanges
		ADDED from src\main\AndroidManifest.xml:60:13-63
	android:name
		ADDED from src\main\AndroidManifest.xml:59:13-91
activity#com.zebra.android.devdemo.discovery.DirectedBroadcastParameters
ADDED from src\main\AndroidManifest.xml:64:9-69:55
	android:screenOrientation
		ADDED from src\main\AndroidManifest.xml:68:13-49
	android:label
		ADDED from src\main\AndroidManifest.xml:67:13-58
	android:windowSoftInputMode
		ADDED from src\main\AndroidManifest.xml:69:13-52
	android:configChanges
		ADDED from src\main\AndroidManifest.xml:66:13-63
	android:name
		ADDED from src\main\AndroidManifest.xml:65:13-91
activity#com.zebra.android.devdemo.discovery.SubnetSearchResultList
ADDED from src\main\AndroidManifest.xml:70:9-75:55
	android:screenOrientation
		ADDED from src\main\AndroidManifest.xml:74:13-49
	android:label
		ADDED from src\main\AndroidManifest.xml:73:13-48
	android:windowSoftInputMode
		ADDED from src\main\AndroidManifest.xml:75:13-52
	android:configChanges
		ADDED from src\main\AndroidManifest.xml:72:13-63
	android:name
		ADDED from src\main\AndroidManifest.xml:71:13-86
activity#com.zebra.android.devdemo.discovery.SubnetSearchParameters
ADDED from src\main\AndroidManifest.xml:76:9-81:55
	android:screenOrientation
		ADDED from src\main\AndroidManifest.xml:80:13-49
	android:label
		ADDED from src\main\AndroidManifest.xml:79:13-53
	android:windowSoftInputMode
		ADDED from src\main\AndroidManifest.xml:81:13-52
	android:configChanges
		ADDED from src\main\AndroidManifest.xml:78:13-63
	android:name
		ADDED from src\main\AndroidManifest.xml:77:13-86
activity#com.zebra.android.devdemo.discovery.LocalBroadcastDiscoveryResultList
ADDED from src\main\AndroidManifest.xml:82:9-87:55
	android:screenOrientation
		ADDED from src\main\AndroidManifest.xml:86:13-49
	android:label
		ADDED from src\main\AndroidManifest.xml:85:13-48
	android:windowSoftInputMode
		ADDED from src\main\AndroidManifest.xml:87:13-52
	android:configChanges
		ADDED from src\main\AndroidManifest.xml:84:13-63
	android:name
		ADDED from src\main\AndroidManifest.xml:83:13-97
activity#com.zebra.android.devdemo.discovery.FindPrintersDiscoveryResultList
ADDED from src\main\AndroidManifest.xml:88:9-93:55
	android:screenOrientation
		ADDED from src\main\AndroidManifest.xml:92:13-49
	android:label
		ADDED from src\main\AndroidManifest.xml:91:13-48
	android:windowSoftInputMode
		ADDED from src\main\AndroidManifest.xml:93:13-52
	android:configChanges
		ADDED from src\main\AndroidManifest.xml:90:13-63
	android:name
		ADDED from src\main\AndroidManifest.xml:89:13-95
activity#com.zebra.android.devdemo.discovery.MulticastDiscoveryParameters
ADDED from src\main\AndroidManifest.xml:94:9-99:55
	android:screenOrientation
		ADDED from src\main\AndroidManifest.xml:98:13-49
	android:label
		ADDED from src\main\AndroidManifest.xml:97:13-49
	android:windowSoftInputMode
		ADDED from src\main\AndroidManifest.xml:99:13-52
	android:configChanges
		ADDED from src\main\AndroidManifest.xml:96:13-63
	android:name
		ADDED from src\main\AndroidManifest.xml:95:13-92
activity#com.zebra.android.devdemo.imageprint.ImagePrintDemo
ADDED from src\main\AndroidManifest.xml:100:9-105:55
	android:screenOrientation
		ADDED from src\main\AndroidManifest.xml:104:13-49
	android:label
		ADDED from src\main\AndroidManifest.xml:103:13-45
	android:windowSoftInputMode
		ADDED from src\main\AndroidManifest.xml:105:13-52
	android:configChanges
		ADDED from src\main\AndroidManifest.xml:102:13-63
	android:name
		ADDED from src\main\AndroidManifest.xml:101:13-79
activity#com.zebra.android.devdemo.magcard.MagCardDemo
ADDED from src\main\AndroidManifest.xml:106:9-111:55
	android:screenOrientation
		ADDED from src\main\AndroidManifest.xml:110:13-49
	android:label
		ADDED from src\main\AndroidManifest.xml:109:13-42
	android:windowSoftInputMode
		ADDED from src\main\AndroidManifest.xml:111:13-52
	android:configChanges
		ADDED from src\main\AndroidManifest.xml:108:13-63
	android:name
		ADDED from src\main\AndroidManifest.xml:107:13-73
activity#com.zebra.android.devdemo.status.PrintStatusDemo
ADDED from src\main\AndroidManifest.xml:112:9-117:55
	android:screenOrientation
		ADDED from src\main\AndroidManifest.xml:116:13-49
	android:label
		ADDED from src\main\AndroidManifest.xml:115:13-48
	android:windowSoftInputMode
		ADDED from src\main\AndroidManifest.xml:117:13-52
	android:configChanges
		ADDED from src\main\AndroidManifest.xml:114:13-63
	android:name
		ADDED from src\main\AndroidManifest.xml:113:13-76
activity#com.zebra.android.devdemo.smartcard.SmartCardDemo
ADDED from src\main\AndroidManifest.xml:118:9-123:55
	android:screenOrientation
		ADDED from src\main\AndroidManifest.xml:122:13-49
	android:label
		ADDED from src\main\AndroidManifest.xml:121:13-44
	android:windowSoftInputMode
		ADDED from src\main\AndroidManifest.xml:123:13-52
	android:configChanges
		ADDED from src\main\AndroidManifest.xml:120:13-63
	android:name
		ADDED from src\main\AndroidManifest.xml:119:13-77
activity#com.zebra.android.devdemo.sigcapture.SigCaptureDemo
ADDED from src\main\AndroidManifest.xml:124:9-129:55
	android:screenOrientation
		ADDED from src\main\AndroidManifest.xml:128:13-49
	android:label
		ADDED from src\main\AndroidManifest.xml:127:13-51
	android:windowSoftInputMode
		ADDED from src\main\AndroidManifest.xml:129:13-52
	android:configChanges
		ADDED from src\main\AndroidManifest.xml:126:13-63
	android:name
		ADDED from src\main\AndroidManifest.xml:125:13-79
activity#com.zebra.android.devdemo.sendfile.SendFileDemo
ADDED from src\main\AndroidManifest.xml:130:9-135:55
	android:screenOrientation
		ADDED from src\main\AndroidManifest.xml:134:13-49
	android:label
		ADDED from src\main\AndroidManifest.xml:133:13-43
	android:windowSoftInputMode
		ADDED from src\main\AndroidManifest.xml:135:13-52
	android:configChanges
		ADDED from src\main\AndroidManifest.xml:132:13-63
	android:name
		ADDED from src\main\AndroidManifest.xml:131:13-75
activity#com.zebra.android.devdemo.storedformat.StoredFormatScreen
ADDED from src\main\AndroidManifest.xml:136:9-141:55
	android:screenOrientation
		ADDED from src\main\AndroidManifest.xml:140:13-49
	android:label
		ADDED from src\main\AndroidManifest.xml:139:13-47
	android:windowSoftInputMode
		ADDED from src\main\AndroidManifest.xml:141:13-52
	android:configChanges
		ADDED from src\main\AndroidManifest.xml:138:13-63
	android:name
		ADDED from src\main\AndroidManifest.xml:137:13-85
activity#com.zebra.android.devdemo.storedformat.StoredFormatDemo
ADDED from src\main\AndroidManifest.xml:142:9-146:55
	android:screenOrientation
		ADDED from src\main\AndroidManifest.xml:145:13-49
	android:windowSoftInputMode
		ADDED from src\main\AndroidManifest.xml:146:13-52
	android:configChanges
		ADDED from src\main\AndroidManifest.xml:144:13-63
	android:name
		ADDED from src\main\AndroidManifest.xml:143:13-83
activity#com.zebra.android.devdemo.storedformat.VariablesScreen
ADDED from src\main\AndroidManifest.xml:147:9-151:55
	android:screenOrientation
		ADDED from src\main\AndroidManifest.xml:150:13-49
	android:windowSoftInputMode
		ADDED from src\main\AndroidManifest.xml:151:13-52
	android:configChanges
		ADDED from src\main\AndroidManifest.xml:149:13-63
	android:name
		ADDED from src\main\AndroidManifest.xml:148:13-82
activity#com.zebra.android.devdemo.connectivity.ConnectivityDemo
ADDED from src\main\AndroidManifest.xml:152:9-157:55
	android:screenOrientation
		ADDED from src\main\AndroidManifest.xml:156:13-49
	android:label
		ADDED from src\main\AndroidManifest.xml:155:13-46
	android:windowSoftInputMode
		ADDED from src\main\AndroidManifest.xml:157:13-52
	android:configChanges
		ADDED from src\main\AndroidManifest.xml:154:13-63
	android:name
		ADDED from src\main\AndroidManifest.xml:153:13-83
activity#com.zebra.android.devdemo.status.PrinterStatusScreen
ADDED from src\main\AndroidManifest.xml:158:9-163:55
	android:screenOrientation
		ADDED from src\main\AndroidManifest.xml:162:13-49
	android:label
		ADDED from src\main\AndroidManifest.xml:161:13-44
	android:windowSoftInputMode
		ADDED from src\main\AndroidManifest.xml:163:13-52
	android:configChanges
		ADDED from src\main\AndroidManifest.xml:160:13-63
	android:name
		ADDED from src\main\AndroidManifest.xml:159:13-80
activity#com.zebra.android.devdemo.listformats.ListFormatsScreen
ADDED from src\main\AndroidManifest.xml:164:9-169:55
	android:screenOrientation
		ADDED from src\main\AndroidManifest.xml:168:13-49
	android:label
		ADDED from src\main\AndroidManifest.xml:167:13-46
	android:windowSoftInputMode
		ADDED from src\main\AndroidManifest.xml:169:13-52
	android:configChanges
		ADDED from src\main\AndroidManifest.xml:166:13-63
	android:name
		ADDED from src\main\AndroidManifest.xml:165:13-83
activity#com.zebra.android.devdemo.listformats.ListFormatsDemo
ADDED from src\main\AndroidManifest.xml:170:9-174:55
	android:screenOrientation
		ADDED from src\main\AndroidManifest.xml:173:13-49
	android:windowSoftInputMode
		ADDED from src\main\AndroidManifest.xml:174:13-52
	android:configChanges
		ADDED from src\main\AndroidManifest.xml:172:13-63
	android:name
		ADDED from src\main\AndroidManifest.xml:171:13-81
activity#com.zebra.android.devdemo.statuschannel.StatusChannelDemo
ADDED from src\main\AndroidManifest.xml:175:9-180:55
	android:screenOrientation
		ADDED from src\main\AndroidManifest.xml:179:13-49
	android:label
		ADDED from src\main\AndroidManifest.xml:178:13-43
	android:windowSoftInputMode
		ADDED from src\main\AndroidManifest.xml:180:13-52
	android:configChanges
		ADDED from src\main\AndroidManifest.xml:177:13-63
	android:name
		ADDED from src\main\AndroidManifest.xml:176:13-85
activity#com.zebra.android.devdemo.statuschannel.StatusChannelScreen
ADDED from src\main\AndroidManifest.xml:181:9-186:55
	android:screenOrientation
		ADDED from src\main\AndroidManifest.xml:185:13-49
	android:label
		ADDED from src\main\AndroidManifest.xml:184:13-48
	android:windowSoftInputMode
		ADDED from src\main\AndroidManifest.xml:186:13-52
	android:configChanges
		ADDED from src\main\AndroidManifest.xml:183:13-63
	android:name
		ADDED from src\main\AndroidManifest.xml:182:13-87
activity#com.zebra.android.devdemo.multichannel.MultiChannelDemo
ADDED from src\main\AndroidManifest.xml:187:9-192:55
	android:screenOrientation
		ADDED from src\main\AndroidManifest.xml:191:13-49
	android:label
		ADDED from src\main\AndroidManifest.xml:190:13-41
	android:windowSoftInputMode
		ADDED from src\main\AndroidManifest.xml:192:13-52
	android:configChanges
		ADDED from src\main\AndroidManifest.xml:189:13-63
	android:name
		ADDED from src\main\AndroidManifest.xml:188:13-83
activity#com.zebra.android.devdemo.multichannel.MultiChannelScreen
ADDED from src\main\AndroidManifest.xml:193:9-198:55
	android:screenOrientation
		ADDED from src\main\AndroidManifest.xml:197:13-49
	android:label
		ADDED from src\main\AndroidManifest.xml:196:13-46
	android:windowSoftInputMode
		ADDED from src\main\AndroidManifest.xml:198:13-52
	android:configChanges
		ADDED from src\main\AndroidManifest.xml:195:13-63
	android:name
		ADDED from src\main\AndroidManifest.xml:194:13-85
activity#com.zebra.android.devdemo.connectionbuilder.ConnectionBuilderDemo
ADDED from src\main\AndroidManifest.xml:199:9-204:55
	android:screenOrientation
		ADDED from src\main\AndroidManifest.xml:203:13-49
	android:label
		ADDED from src\main\AndroidManifest.xml:202:13-52
	android:windowSoftInputMode
		ADDED from src\main\AndroidManifest.xml:204:13-52
	android:configChanges
		ADDED from src\main\AndroidManifest.xml:201:13-63
	android:name
		ADDED from src\main\AndroidManifest.xml:200:13-93
activity#com.zebra.android.devdemo.receipt.ReceiptDemo
ADDED from src\main\AndroidManifest.xml:205:9-210:55
	android:screenOrientation
		ADDED from src\main\AndroidManifest.xml:209:13-49
	android:label
		ADDED from src\main\AndroidManifest.xml:208:13-41
	android:windowSoftInputMode
		ADDED from src\main\AndroidManifest.xml:210:13-52
	android:configChanges
		ADDED from src\main\AndroidManifest.xml:207:13-63
	android:name
		ADDED from src\main\AndroidManifest.xml:206:13-73